<?xml version="1.0" encoding="UTF-8"?>
<testsuite xmlns:xsi="http://www.w3.org/2001/XMLSchema-instance" xsi:noNamespaceSchemaLocation="https://maven.apache.org/surefire/maven-surefire-plugin/xsd/surefire-test-report-3.0.xsd" version="3.0" name="com.hendisantika.springbootrestapipostgresql.BookRestController.BookRestControllerTest" time="0.735" tests="7" errors="0" skipped="0" failures="0">
  <properties>
[...]
</properties>
  <testcase name="testAddBook" classname="com.hendisantika.springbootrestapipostgresql.BookRestController.BookRestControllerTest" time="0.462">
    <system-out><![CDATA[18:02:42.249 [main] INFO org.springframework.mock.web.MockServletContext -- Initializing Spring TestDispatcherServlet ''
18:02:42.249 [main] INFO org.springframework.test.web.servlet.TestDispatcherServlet -- Initializing Servlet ''
18:02:42.249 [main] INFO org.springframework.test.web.servlet.TestDispatcherServlet -- Completed initialization in 0 ms
18:02:42.316 [main] INFO com.hendisantika.springbootrestapipostgresql.controller.BookRestController -- Adding new book: Book{id=null, name='Book Title', description='Book Description', tags=[]}
]]></system-out>
  </testcase>
  <testcase name="testDeleteAllBooks" classname="com.hendisantika.springbootrestapipostgresql.BookRestController.BookRestControllerTest" time="0.028">
    <system-out><![CDATA[18:02:42.362 [main] INFO org.springframework.mock.web.MockServletContext -- Initializing Spring TestDispatcherServlet ''
18:02:42.362 [main] INFO org.springframework.test.web.servlet.TestDispatcherServlet -- Initializing Servlet ''
18:02:42.363 [main] INFO org.springframework.test.web.servlet.TestDispatcherServlet -- Completed initialization in 1 ms
18:02:42.364 [main] INFO com.hendisantika.springbootrestapipostgresql.controller.BookRestController -- Deleting all books
]]></system-out>
  </testcase>
  <testcase name="testGetAllBooks" classname="com.hendisantika.springbootrestapipostgresql.BookRestController.BookRestControllerTest" time="0.036">
    <system-out><![CDATA[18:02:42.390 [main] INFO org.springframework.mock.web.MockServletContext -- Initializing Spring TestDispatcherServlet ''
18:02:42.391 [main] INFO org.springframework.test.web.servlet.TestDispatcherServlet -- Initializing Servlet ''
18:02:42.391 [main] INFO org.springframework.test.web.servlet.TestDispatcherServlet -- Completed initialization in 0 ms
18:02:42.394 [main] INFO com.hendisantika.springbootrestapipostgresql.controller.BookRestController -- Retrieving all books
]]></system-out>
  </testcase>
  <testcase name="testUpdateBookFromDB" classname="com.hendisantika.springbootrestapipostgresql.BookRestController.BookRestControllerTest" time="0.055">
    <system-out><![CDATA[18:02:42.428 [main] INFO org.springframework.mock.web.MockServletContext -- Initializing Spring TestDispatcherServlet ''
18:02:42.428 [main] INFO org.springframework.test.web.servlet.TestDispatcherServlet -- Initializing Servlet ''
18:02:42.429 [main] INFO org.springframework.test.web.servlet.TestDispatcherServlet -- Completed initialization in 0 ms
18:02:42.449 [main] INFO com.hendisantika.springbootrestapipostgresql.controller.BookRestController -- Updating book with ID: 1
]]></system-out>
  </testcase>
  <testcase name="testGetBookWithId" classname="com.hendisantika.springbootrestapipostgresql.BookRestController.BookRestControllerTest" time="0.044">
    <system-out><![CDATA[18:02:42.494 [main] INFO org.springframework.mock.web.MockServletContext -- Initializing Spring TestDispatcherServlet ''
18:02:42.495 [main] INFO org.springframework.test.web.servlet.TestDispatcherServlet -- Initializing Servlet ''
18:02:42.495 [main] INFO org.springframework.test.web.servlet.TestDispatcherServlet -- Completed initialization in 0 ms
18:02:42.498 [main] INFO com.hendisantika.springbootrestapipostgresql.controller.BookRestController -- Retrieving book with ID: 1
]]></system-out>
  </testcase>
  <testcase name="testFindBookWithName" classname="com.hendisantika.springbootrestapipostgresql.BookRestController.BookRestControllerTest" time="0.051">
    <system-out><![CDATA[18:02:42.546 [main] INFO org.springframework.mock.web.MockServletContext -- Initializing Spring TestDispatcherServlet ''
18:02:42.546 [main] INFO org.springframework.test.web.servlet.TestDispatcherServlet -- Initializing Servlet ''
18:02:42.546 [main] INFO org.springframework.test.web.servlet.TestDispatcherServlet -- Completed initialization in 0 ms
18:02:42.553 [main] INFO com.hendisantika.springbootrestapipostgresql.controller.BookRestController -- Searching book with name: Book Title
]]></system-out>
  </testcase>
  <testcase name="testDeleteBookWithId" classname="com.hendisantika.springbootrestapipostgresql.BookRestController.BookRestControllerTest" time="0.028">
    <system-out><![CDATA[18:02:42.594 [main] INFO org.springframework.mock.web.MockServletContext -- Initializing Spring TestDispatcherServlet ''
18:02:42.595 [main] INFO org.springframework.test.web.servlet.TestDispatcherServlet -- Initializing Servlet ''
18:02:42.595 [main] INFO org.springframework.test.web.servlet.TestDispatcherServlet -- Completed initialization in 0 ms
18:02:42.597 [main] INFO com.hendisantika.springbootrestapipostgresql.controller.BookRestController -- Deleting book with ID: 1
]]></system-out>
  </testcase>
</testsuite>